<Buffer 7b 22 6f 70 22 3a 22 61 64 64 69 74 69 6f 6e 22 2c 22 78 22 3a 22 31 30 22 2c 22 79 22 3a 22 32 30 22 7d>
<Buffer 7b 22 6f 70 22 3a 22 73 75 62 74 72 61 63 74 69 6f 6e 22 2c 22 78 22 3a 22 31 30 22 2c 22 79 22 3a 22 32 30 22 7d>
<Buffer 7b 22 6f 70 22 3a 22 6d 75 6c 74 69 70 6c 69 63 61 74 69 6f 6e 22 2c 22 78 22 3a 22 31 30 22 2c 22 79 22 3a 22 32 30 22 7d>
<Buffer 7b 22 6f 70 22 3a 22 64 69 76 69 73 69 6f 6e 22 2c 22 78 22 3a 22 31 30 22 2c 22 79 22 3a 22 32 30 22 7d>
<Buffer 7b 22 6f 70 22 3a 22 61 64 64 69 74 69 6f 6e 22 2c 22 78 22 3a 22 39 22 2c 22 79 22 3a 22 32 30 22 7d>
<Buffer 7b 22 6f 70 22 3a 22 73 75 62 74 72 61 63 74 69 6f 6e 22 2c 22 78 22 3a 22 39 22 2c 22 79 22 3a 22 32 30 22 7d>
<Buffer 7b 22 6f 70 22 3a 22 6d 75 6c 74 69 70 6c 69 63 61 74 69 6f 6e 22 2c 22 78 22 3a 22 39 22 2c 22 79 22 3a 22 32 30 22 7d>
<Buffer 7b 22 6f 70 22 3a 22 64 69 76 69 73 69 6f 6e 22 2c 22 78 22 3a 22 39 22 2c 22 79 22 3a 22 32 30 22 7d>
closed
<Buffer 7b 22 6f 70 22 3a 22 61 64 64 69 74 69 6f 6e 22 2c 22 78 22 3a 22 31 30 22 2c 22 79 22 3a 22 32 30 22 7d>
<Buffer 7b 22 6f 70 22 3a 22 73 75 62 74 72 61 63 74 69 6f 6e 22 2c 22 78 22 3a 22 31 30 22 2c 22 79 22 3a 22 32 30 22 7d>
<Buffer 7b 22 6f 70 22 3a 22 6d 75 6c 74 69 70 6c 69 63 61 74 69 6f 6e 22 2c 22 78 22 3a 22 31 30 22 2c 22 79 22 3a 22 32 30 22 7d>
<Buffer 7b 22 6f 70 22 3a 22 64 69 76 69 73 69 6f 6e 22 2c 22 78 22 3a 22 31 30 22 2c 22 79 22 3a 22 32 30 22 7d>
closed
<Buffer 7b 22 6f 70 22 3a 22 61 64 64 69 74 69 6f 6e 22 2c 22 78 22 3a 22 31 30 22 2c 22 79 22 3a 22 32 30 22 7d>
<Buffer 7b 22 6f 70 22 3a 22 73 75 62 74 72 61 63 74 69 6f 6e 22 2c 22 78 22 3a 22 31 30 22 2c 22 79 22 3a 22 32 30 22 7d>
<Buffer 7b 22 6f 70 22 3a 22 6d 75 6c 74 69 70 6c 69 63 61 74 69 6f 6e 22 2c 22 78 22 3a 22 31 30 22 2c 22 79 22 3a 22 32 30 22 7d>
<Buffer 7b 22 6f 70 22 3a 22 64 69 76 69 73 69 6f 6e 22 2c 22 78 22 3a 22 31 30 22 2c 22 79 22 3a 22 32 30 22 7d>
closed
<Buffer 7b 22 6f 70 22 3a 22 61 64 64 69 74 69 6f 6e 22 2c 22 78 22 3a 22 31 30 22 2c 22 79 22 3a 22 32 30 22 7d>
<Buffer 7b 22 6f 70 22 3a 22 73 75 62 74 72 61 63 74 69 6f 6e 22 2c 22 78 22 3a 22 31 30 22 2c 22 79 22 3a 22 32 30 22 7d>
<Buffer 7b 22 6f 70 22 3a 22 61 64 64 69 74 69 6f 6e 22 2c 22 78 22 3a 22 31 32 22 2c 22 79 22 3a 22 32 30 22 7d>
<Buffer 7b 22 6f 70 22 3a 22 73 75 62 74 72 61 63 74 69 6f 6e 22 2c 22 78 22 3a 22 31 32 22 2c 22 79 22 3a 22 32 30 22 7d>
<Buffer 7b 22 6f 70 22 3a 22 6d 75 6c 74 69 70 6c 69 63 61 74 69 6f 6e 22 2c 22 78 22 3a 22 31 32 22 2c 22 79 22 3a 22 32 30 22 7d>
<Buffer 7b 22 6f 70 22 3a 22 64 69 76 69 73 69 6f 6e 22 2c 22 78 22 3a 22 31 32 22 2c 22 79 22 3a 22 32 30 22 7d>
closed
<Buffer 7b 22 6f 70 22 3a 22 73 75 62 74 72 61 63 74 69 6f 6e 22 2c 22 78 22 3a 22 31 30 22 2c 22 79 22 3a 22 32 30 22 7d>
<Buffer 7b 22 6f 70 22 3a 22 6d 75 6c 74 69 70 6c 69 63 61 74 69 6f 6e 22 2c 22 78 22 3a 22 31 30 22 2c 22 79 22 3a 22 32 30 22 7d>
closed
