expand is: /home2/students/lzhong
newpathname is: //home2/students/lzhong/public_html/week5/spring.html
reading file content
expand is: /home2/students/lzhong
newpathname is: //home2/students/lzhong/public_html/week5/
reading file content
expand is: /home2/students/lzhong
newpathname is: //home2/students/lzhong/public_html/week5/index.html
reading file content
expand is: /home2/students/lzhong
newpathname is: //home2/students/lzhong/public_html/week5/index.html
reading file content
expand is: /home2/students/lzhong
newpathname is: //home2/students/lzhong/public_html/week5/spring.html
reading file content
expand is: /home2/students/lzhong
newpathname is: //home2/students/lzhong/public_html/week5
reading file content
expand is: /home2/students/lzhong
newpathname is: //home2/students/lzhong/public_html/week5/
reading file content
expand is: /home2/students/lzhong
newpathname is: //home2/students/lzhong/public_html/week5/index.html
reading file content
expand is: /home2/students/lzhong
newpathname is: //home2/students/lzhong/public_html/week5/spring.html
reading file content
expand is: /home2/students/lzhong
newpathname is: //home2/students/lzhong/public_html/week5/spring.html
reading file content
expand is: /home2/students/lzhong
newpathname is: //home2/students/lzhong/public_html/week5
reading file content
page not found. Error: ENOENT: no such file or directory, open '/var/www/html/favicon.ico'
expand is: /home2/students/lzhong
newpathname is: //home2/students/lzhong/public_html/week5/spring.html
reading file content
reading file content
